{
  "uid" : "9529ee188ac048a4",
  "name" : "Check user able to book flight",
  "fullName" : "Test Blaze Demo: Check user able to book flight",
  "historyId" : "e78630a51f1b812e431b41db2a4860d4",
  "time" : {
    "start" : 1600787589896,
    "stop" : 1600787590390,
    "duration" : 494
  },
  "status" : "broken",
  "statusMessage" : "The driver executable does not exist: D:\\skriptmateWS\\CucumberProject\\Drivers\\chromedriver.exe",
  "statusTrace" : "java.lang.IllegalStateException: The driver executable does not exist: D:\\skriptmateWS\\CucumberProject\\Drivers\\chromedriver.exe\r\n\tat com.google.common.base.Preconditions.checkState(Preconditions.java:585)\r\n\tat org.openqa.selenium.remote.service.DriverService.checkExecutable(DriverService.java:146)\r\n\tat org.openqa.selenium.remote.service.DriverService.findExecutable(DriverService.java:141)\r\n\tat org.openqa.selenium.chrome.ChromeDriverService.access$000(ChromeDriverService.java:35)\r\n\tat org.openqa.selenium.chrome.ChromeDriverService$Builder.findDefaultExecutable(ChromeDriverService.java:159)\r\n\tat org.openqa.selenium.remote.service.DriverService$Builder.build(DriverService.java:355)\r\n\tat org.openqa.selenium.chrome.ChromeDriverService.createDefaultService(ChromeDriverService.java:94)\r\n\tat org.openqa.selenium.chrome.ChromeDriver.<init>(ChromeDriver.java:123)\r\n\tat com.project.stepdefs.BlazeDemoStepDefs.oen(BlazeDemoStepDefs.java:30)\r\n\tat ✽.user is in home screen of blaze demo(file:FeatureFiles/BlazeDemo.feature:5)\r\n",
  "flaky" : false,
  "newFailed" : false,
  "beforeStages" : [ ],
  "testStage" : {
    "status" : "broken",
    "statusMessage" : "The driver executable does not exist: D:\\skriptmateWS\\CucumberProject\\Drivers\\chromedriver.exe",
    "statusTrace" : "java.lang.IllegalStateException: The driver executable does not exist: D:\\skriptmateWS\\CucumberProject\\Drivers\\chromedriver.exe\r\n\tat com.google.common.base.Preconditions.checkState(Preconditions.java:585)\r\n\tat org.openqa.selenium.remote.service.DriverService.checkExecutable(DriverService.java:146)\r\n\tat org.openqa.selenium.remote.service.DriverService.findExecutable(DriverService.java:141)\r\n\tat org.openqa.selenium.chrome.ChromeDriverService.access$000(ChromeDriverService.java:35)\r\n\tat org.openqa.selenium.chrome.ChromeDriverService$Builder.findDefaultExecutable(ChromeDriverService.java:159)\r\n\tat org.openqa.selenium.remote.service.DriverService$Builder.build(DriverService.java:355)\r\n\tat org.openqa.selenium.chrome.ChromeDriverService.createDefaultService(ChromeDriverService.java:94)\r\n\tat org.openqa.selenium.chrome.ChromeDriver.<init>(ChromeDriver.java:123)\r\n\tat com.project.stepdefs.BlazeDemoStepDefs.oen(BlazeDemoStepDefs.java:30)\r\n\tat ✽.user is in home screen of blaze demo(file:FeatureFiles/BlazeDemo.feature:5)\r\n",
    "steps" : [ {
      "name" : "Given  user is in home screen of blaze demo",
      "time" : {
        "start" : 1600787589902,
        "stop" : 1600787590370,
        "duration" : 468
      },
      "status" : "broken",
      "statusMessage" : "The driver executable does not exist: D:\\skriptmateWS\\CucumberProject\\Drivers\\chromedriver.exe",
      "statusTrace" : "java.lang.IllegalStateException: The driver executable does not exist: D:\\skriptmateWS\\CucumberProject\\Drivers\\chromedriver.exe\r\n\tat com.google.common.base.Preconditions.checkState(Preconditions.java:585)\r\n\tat org.openqa.selenium.remote.service.DriverService.checkExecutable(DriverService.java:146)\r\n\tat org.openqa.selenium.remote.service.DriverService.findExecutable(DriverService.java:141)\r\n\tat org.openqa.selenium.chrome.ChromeDriverService.access$000(ChromeDriverService.java:35)\r\n\tat org.openqa.selenium.chrome.ChromeDriverService$Builder.findDefaultExecutable(ChromeDriverService.java:159)\r\n\tat org.openqa.selenium.remote.service.DriverService$Builder.build(DriverService.java:355)\r\n\tat org.openqa.selenium.chrome.ChromeDriverService.createDefaultService(ChromeDriverService.java:94)\r\n\tat org.openqa.selenium.chrome.ChromeDriver.<init>(ChromeDriver.java:123)\r\n\tat com.project.stepdefs.BlazeDemoStepDefs.oen(BlazeDemoStepDefs.java:30)\r\n\tat ✽.user is in home screen of blaze demo(file:FeatureFiles/BlazeDemo.feature:5)\r\n",
      "steps" : [ ],
      "attachments" : [ ],
      "parameters" : [ ],
      "stepsCount" : 0,
      "hasContent" : true,
      "attachmentsCount" : 0,
      "shouldDisplayMessage" : true
    }, {
      "name" : "And  user selects departure city and destination city and find flights",
      "time" : {
        "start" : 1600787590371,
        "stop" : 1600787590372,
        "duration" : 1
      },
      "status" : "skipped",
      "steps" : [ ],
      "attachments" : [ ],
      "parameters" : [ ],
      "stepsCount" : 0,
      "hasContent" : false,
      "attachmentsCount" : 0,
      "shouldDisplayMessage" : false
    }, {
      "name" : "Then  user is navigated to flights list screen",
      "time" : {
        "start" : 1600787590372,
        "stop" : 1600787590375,
        "duration" : 3
      },
      "status" : "unknown",
      "statusMessage" : "TODO: implement me",
      "statusTrace" : "cucumber.api.PendingException: TODO: implement me\r\n\tat io.qameta.allure.cucumber4jvm.AllureCucumber4Jvm.handlePickleStep(AllureCucumber4Jvm.java:381)\r\n\tat io.qameta.allure.cucumber4jvm.AllureCucumber4Jvm.handleTestStepFinished(AllureCucumber4Jvm.java:233)\r\n\tat cucumber.runner.AbstractEventPublisher.send(AbstractEventPublisher.java:45)\r\n\tat cucumber.runner.AbstractEventBus.send(AbstractEventBus.java:9)\r\n\tat cucumber.runner.TimeServiceEventBus.send(TimeServiceEventBus.java:3)\r\n\tat cucumber.runner.ThreadLocalRunnerSupplier$SynchronizedEventBus.send(ThreadLocalRunnerSupplier.java:93)\r\n\tat cucumber.runner.ThreadLocalRunnerSupplier$LocalEventBus.send(ThreadLocalRunnerSupplier.java:61)\r\n\tat cucumber.runner.TestStep.run(TestStep.java:59)\r\n\tat cucumber.runner.PickleStepTestStep.run(PickleStepTestStep.java:43)\r\n\tat cucumber.runner.TestCase.run(TestCase.java:46)\r\n\tat cucumber.runner.Runner.runPickle(Runner.java:50)\r\n\tat io.cucumber.testng.TestNGCucumberRunner.runScenario(TestNGCucumberRunner.java:69)\r\n\tat io.cucumber.testng.AbstractTestNGCucumberTests.runScenario(AbstractTestNGCucumberTests.java:24)\r\n\tat sun.reflect.NativeMethodAccessorImpl.invoke0(Native Method)\r\n\tat sun.reflect.NativeMethodAccessorImpl.invoke(NativeMethodAccessorImpl.java:62)\r\n\tat sun.reflect.DelegatingMethodAccessorImpl.invoke(DelegatingMethodAccessorImpl.java:43)\r\n\tat java.lang.reflect.Method.invoke(Method.java:498)\r\n\tat org.testng.internal.MethodInvocationHelper.invokeMethod(MethodInvocationHelper.java:104)\r\n\tat org.testng.internal.Invoker.invokeMethod(Invoker.java:645)\r\n\tat org.testng.internal.Invoker.invokeTestMethod(Invoker.java:851)\r\n\tat org.testng.internal.TestMethodWithDataProviderMethodWorker.call(TestMethodWithDataProviderMethodWorker.java:75)\r\n\tat org.testng.internal.TestMethodWithDataProviderMethodWorker.call(TestMethodWithDataProviderMethodWorker.java:14)\r\n\tat java.util.concurrent.FutureTask.run(FutureTask.java:266)\r\n\tat java.util.concurrent.Executors$RunnableAdapter.call(Executors.java:511)\r\n\tat java.util.concurrent.FutureTask.run(FutureTask.java:266)\r\n\tat java.util.concurrent.ThreadPoolExecutor.runWorker(ThreadPoolExecutor.java:1149)\r\n\tat java.util.concurrent.ThreadPoolExecutor$Worker.run(ThreadPoolExecutor.java:624)\r\n\tat java.lang.Thread.run(Thread.java:748)\r\n",
      "steps" : [ ],
      "attachments" : [ ],
      "parameters" : [ ],
      "stepsCount" : 0,
      "hasContent" : true,
      "attachmentsCount" : 0,
      "shouldDisplayMessage" : true
    } ],
    "attachments" : [ ],
    "parameters" : [ ],
    "stepsCount" : 3,
    "hasContent" : true,
    "attachmentsCount" : 0,
    "shouldDisplayMessage" : false
  },
  "afterStages" : [ {
    "name" : "FeatureOneStepDefs.afterscenario()",
    "time" : {
      "start" : 1600787590380,
      "stop" : 1600787590384,
      "duration" : 4
    },
    "status" : "broken",
    "statusMessage" : "After is failed: null",
    "statusTrace" : "java.lang.NullPointerException\r\n\tat com.project.stepdefs.FeatureOneStepDefs.afterscenario(FeatureOneStepDefs.java:19)\r\n\tat sun.reflect.NativeMethodAccessorImpl.invoke0(Native Method)\r\n\tat sun.reflect.NativeMethodAccessorImpl.invoke(NativeMethodAccessorImpl.java:62)\r\n\tat sun.reflect.DelegatingMethodAccessorImpl.invoke(DelegatingMethodAccessorImpl.java:43)\r\n\tat java.lang.reflect.Method.invoke(Method.java:498)\r\n\tat cucumber.runtime.Utils$1.call(Utils.java:26)\r\n\tat cucumber.runtime.Timeout.timeout(Timeout.java:16)\r\n\tat cucumber.runtime.Utils.invoke(Utils.java:20)\r\n\tat cucumber.runtime.java.JavaHookDefinition.execute(JavaHookDefinition.java:65)\r\n\tat cucumber.runner.HookDefinitionMatch.runStep(HookDefinitionMatch.java:16)\r\n\tat cucumber.runner.TestStep.executeStep(TestStep.java:65)\r\n\tat cucumber.runner.TestStep.run(TestStep.java:50)\r\n\tat cucumber.runner.TestCase.run(TestCase.java:50)\r\n\tat cucumber.runner.Runner.runPickle(Runner.java:50)\r\n\tat io.cucumber.testng.TestNGCucumberRunner.runScenario(TestNGCucumberRunner.java:69)\r\n\tat io.cucumber.testng.AbstractTestNGCucumberTests.runScenario(AbstractTestNGCucumberTests.java:24)\r\n\tat sun.reflect.NativeMethodAccessorImpl.invoke0(Native Method)\r\n\tat sun.reflect.NativeMethodAccessorImpl.invoke(NativeMethodAccessorImpl.java:62)\r\n\tat sun.reflect.DelegatingMethodAccessorImpl.invoke(DelegatingMethodAccessorImpl.java:43)\r\n\tat java.lang.reflect.Method.invoke(Method.java:498)\r\n\tat org.testng.internal.MethodInvocationHelper.invokeMethod(MethodInvocationHelper.java:104)\r\n\tat org.testng.internal.Invoker.invokeMethod(Invoker.java:645)\r\n\tat org.testng.internal.Invoker.invokeTestMethod(Invoker.java:851)\r\n\tat org.testng.internal.TestMethodWithDataProviderMethodWorker.call(TestMethodWithDataProviderMethodWorker.java:75)\r\n\tat org.testng.internal.TestMethodWithDataProviderMethodWorker.call(TestMethodWithDataProviderMethodWorker.java:14)\r\n\tat java.util.concurrent.FutureTask.run(FutureTask.java:266)\r\n\tat java.util.concurrent.Executors$RunnableAdapter.call(Executors.java:511)\r\n\tat java.util.concurrent.FutureTask.run(FutureTask.java:266)\r\n\tat java.util.concurrent.ThreadPoolExecutor.runWorker(ThreadPoolExecutor.java:1149)\r\n\tat java.util.concurrent.ThreadPoolExecutor$Worker.run(ThreadPoolExecutor.java:624)\r\n\tat java.lang.Thread.run(Thread.java:748)\r\n",
    "steps" : [ ],
    "attachments" : [ ],
    "parameters" : [ ],
    "stepsCount" : 0,
    "hasContent" : true,
    "attachmentsCount" : 0,
    "shouldDisplayMessage" : true
  }, {
    "name" : "BlazeDemoStepDefs.afterscenario()",
    "time" : {
      "start" : 1600787590386,
      "stop" : 1600787590387,
      "duration" : 1
    },
    "status" : "broken",
    "statusMessage" : "After is failed: null",
    "statusTrace" : "java.lang.NullPointerException\r\n\tat com.project.stepdefs.BlazeDemoStepDefs.afterscenario(BlazeDemoStepDefs.java:22)\r\n\tat sun.reflect.NativeMethodAccessorImpl.invoke0(Native Method)\r\n\tat sun.reflect.NativeMethodAccessorImpl.invoke(NativeMethodAccessorImpl.java:62)\r\n\tat sun.reflect.DelegatingMethodAccessorImpl.invoke(DelegatingMethodAccessorImpl.java:43)\r\n\tat java.lang.reflect.Method.invoke(Method.java:498)\r\n\tat cucumber.runtime.Utils$1.call(Utils.java:26)\r\n\tat cucumber.runtime.Timeout.timeout(Timeout.java:16)\r\n\tat cucumber.runtime.Utils.invoke(Utils.java:20)\r\n\tat cucumber.runtime.java.JavaHookDefinition.execute(JavaHookDefinition.java:65)\r\n\tat cucumber.runner.HookDefinitionMatch.runStep(HookDefinitionMatch.java:16)\r\n\tat cucumber.runner.TestStep.executeStep(TestStep.java:65)\r\n\tat cucumber.runner.TestStep.run(TestStep.java:50)\r\n\tat cucumber.runner.TestCase.run(TestCase.java:50)\r\n\tat cucumber.runner.Runner.runPickle(Runner.java:50)\r\n\tat io.cucumber.testng.TestNGCucumberRunner.runScenario(TestNGCucumberRunner.java:69)\r\n\tat io.cucumber.testng.AbstractTestNGCucumberTests.runScenario(AbstractTestNGCucumberTests.java:24)\r\n\tat sun.reflect.NativeMethodAccessorImpl.invoke0(Native Method)\r\n\tat sun.reflect.NativeMethodAccessorImpl.invoke(NativeMethodAccessorImpl.java:62)\r\n\tat sun.reflect.DelegatingMethodAccessorImpl.invoke(DelegatingMethodAccessorImpl.java:43)\r\n\tat java.lang.reflect.Method.invoke(Method.java:498)\r\n\tat org.testng.internal.MethodInvocationHelper.invokeMethod(MethodInvocationHelper.java:104)\r\n\tat org.testng.internal.Invoker.invokeMethod(Invoker.java:645)\r\n\tat org.testng.internal.Invoker.invokeTestMethod(Invoker.java:851)\r\n\tat org.testng.internal.TestMethodWithDataProviderMethodWorker.call(TestMethodWithDataProviderMethodWorker.java:75)\r\n\tat org.testng.internal.TestMethodWithDataProviderMethodWorker.call(TestMethodWithDataProviderMethodWorker.java:14)\r\n\tat java.util.concurrent.FutureTask.run(FutureTask.java:266)\r\n\tat java.util.concurrent.Executors$RunnableAdapter.call(Executors.java:511)\r\n\tat java.util.concurrent.FutureTask.run(FutureTask.java:266)\r\n\tat java.util.concurrent.ThreadPoolExecutor.runWorker(ThreadPoolExecutor.java:1149)\r\n\tat java.util.concurrent.ThreadPoolExecutor$Worker.run(ThreadPoolExecutor.java:624)\r\n\tat java.lang.Thread.run(Thread.java:748)\r\n",
    "steps" : [ ],
    "attachments" : [ ],
    "parameters" : [ ],
    "stepsCount" : 0,
    "hasContent" : true,
    "attachmentsCount" : 0,
    "shouldDisplayMessage" : true
  } ],
  "labels" : [ {
    "name" : "tag",
    "value" : "Sanity"
  }, {
    "name" : "host",
    "value" : "Govind"
  }, {
    "name" : "thread",
    "value" : "10568@Govind.PoolService-0(12)"
  }, {
    "name" : "feature",
    "value" : "Test Blaze Demo"
  }, {
    "name" : "story",
    "value" : "Check user able to book flight"
  }, {
    "name" : "package",
    "value" : "FeatureFiles.Test Blaze Demo"
  }, {
    "name" : "suite",
    "value" : "Test Blaze Demo"
  }, {
    "name" : "testClass",
    "value" : "Check user able to book flight"
  }, {
    "name" : "framework",
    "value" : "cucumber4jvm"
  }, {
    "name" : "language",
    "value" : "java"
  }, {
    "name" : "gherkin_uri",
    "value" : "file:FeatureFiles/BlazeDemo.feature"
  }, {
    "name" : "resultFormat",
    "value" : "allure2"
  } ],
  "parameters" : [ ],
  "links" : [ ],
  "hidden" : true,
  "retry" : true,
  "extra" : {
    "categories" : [ ],
    "tags" : [ "Sanity" ]
  },
  "source" : "9529ee188ac048a4.json",
  "parameterValues" : [ ]
}